Determining if the pthread_create exist failed with the following output:
Change Dir: /home/blaze/work/hazelcast/memkind-test/cmake-build-debug/CMakeFiles/CMakeTmp

Run Build Command(s):/usr/bin/make cmTC_2fe19/fast 
make[1]: Entering directory '/home/blaze/work/hazelcast/memkind-test/cmake-build-debug/CMakeFiles/CMakeTmp'
/usr/bin/make -f CMakeFiles/cmTC_2fe19.dir/build.make CMakeFiles/cmTC_2fe19.dir/build
make[2]: Entering directory '/home/blaze/work/hazelcast/memkind-test/cmake-build-debug/CMakeFiles/CMakeTmp'
Building C object CMakeFiles/cmTC_2fe19.dir/CheckSymbolExists.c.o
/usr/bin/cc    -o CMakeFiles/cmTC_2fe19.dir/CheckSymbolExists.c.o   -c /home/blaze/work/hazelcast/memkind-test/cmake-build-debug/CMakeFiles/CMakeTmp/CheckSymbolExists.c
Linking C executable cmTC_2fe19
/home/blaze/apps/dev/clion-2019.1.3/bin/cmake/linux/bin/cmake -E cmake_link_script CMakeFiles/cmTC_2fe19.dir/link.txt --verbose=1
/usr/bin/cc      CMakeFiles/cmTC_2fe19.dir/CheckSymbolExists.c.o  -o cmTC_2fe19 
CMakeFiles/cmTC_2fe19.dir/CheckSymbolExists.c.o: In function `main':
CheckSymbolExists.c:(.text+0x1b): undefined reference to `pthread_create'
collect2: error: ld returned 1 exit status
CMakeFiles/cmTC_2fe19.dir/build.make:86: recipe for target 'cmTC_2fe19' failed
make[2]: *** [cmTC_2fe19] Error 1
make[2]: Leaving directory '/home/blaze/work/hazelcast/memkind-test/cmake-build-debug/CMakeFiles/CMakeTmp'
Makefile:121: recipe for target 'cmTC_2fe19/fast' failed
make[1]: *** [cmTC_2fe19/fast] Error 2
make[1]: Leaving directory '/home/blaze/work/hazelcast/memkind-test/cmake-build-debug/CMakeFiles/CMakeTmp'

File /home/blaze/work/hazelcast/memkind-test/cmake-build-debug/CMakeFiles/CMakeTmp/CheckSymbolExists.c:
/* */
#include <pthread.h>

int main(int argc, char** argv)
{
  (void)argv;
#ifndef pthread_create
  return ((int*)(&pthread_create))[argc];
#else
  (void)argc;
  return 0;
#endif
}

